E:\LearningAngular\AngularProjects\8octroomscheduler\roomscheduler\roomscheduler\dist\out-tsc\src\app\app.component.js
E:\LearningAngular\AngularProjects\8octroomscheduler\roomscheduler\roomscheduler\dist\out-tsc\src\app\app.component.js.map
E:\LearningAngular\AngularProjects\8octroomscheduler\roomscheduler\roomscheduler\dist\out-tsc\src\app\scheduler\phases.model.js
E:\LearningAngular\AngularProjects\8octroomscheduler\roomscheduler\roomscheduler\dist\out-tsc\src\app\scheduler\phases.model.js.map
E:\LearningAngular\AngularProjects\8octroomscheduler\roomscheduler\roomscheduler\dist\out-tsc\src\app\scheduler\event.model.js
E:\LearningAngular\AngularProjects\8octroomscheduler\roomscheduler\roomscheduler\dist\out-tsc\src\app\scheduler\event.model.js.map
E:\LearningAngular\AngularProjects\8octroomscheduler\roomscheduler\roomscheduler\dist\out-tsc\src\app\scheduler\resource.model.js
E:\LearningAngular\AngularProjects\8octroomscheduler\roomscheduler\roomscheduler\dist\out-tsc\src\app\scheduler\resource.model.js.map
E:\LearningAngular\AngularProjects\8octroomscheduler\roomscheduler\roomscheduler\dist\out-tsc\src\app\scheduler\data.service.js
E:\LearningAngular\AngularProjects\8octroomscheduler\roomscheduler\roomscheduler\dist\out-tsc\src\app\scheduler\data.service.js.map
E:\LearningAngular\AngularProjects\8octroomscheduler\roomscheduler\roomscheduler\dist\out-tsc\src\app\scheduler\create.component.js
E:\LearningAngular\AngularProjects\8octroomscheduler\roomscheduler\roomscheduler\dist\out-tsc\src\app\scheduler\create.component.js.map
E:\LearningAngular\AngularProjects\8octroomscheduler\roomscheduler\roomscheduler\dist\out-tsc\src\app\scheduler\edit.component.js
E:\LearningAngular\AngularProjects\8octroomscheduler\roomscheduler\roomscheduler\dist\out-tsc\src\app\scheduler\edit.component.js.map
E:\LearningAngular\AngularProjects\8octroomscheduler\roomscheduler\roomscheduler\dist\out-tsc\src\app\scheduler\scheduler.component.js
E:\LearningAngular\AngularProjects\8octroomscheduler\roomscheduler\roomscheduler\dist\out-tsc\src\app\scheduler\scheduler.component.js.map
E:\LearningAngular\AngularProjects\8octroomscheduler\roomscheduler\roomscheduler\dist\out-tsc\src\app\sidebar\sidebar-main.component.js
E:\LearningAngular\AngularProjects\8octroomscheduler\roomscheduler\roomscheduler\dist\out-tsc\src\app\sidebar\sidebar-main.component.js.map
E:\LearningAngular\AngularProjects\8octroomscheduler\roomscheduler\roomscheduler\dist\out-tsc\src\app\sidebar\sidebar-expanded.component.js
E:\LearningAngular\AngularProjects\8octroomscheduler\roomscheduler\roomscheduler\dist\out-tsc\src\app\sidebar\sidebar-expanded.component.js.map
E:\LearningAngular\AngularProjects\8octroomscheduler\roomscheduler\roomscheduler\dist\out-tsc\src\app\sidebar\sidebar-container.component.js
E:\LearningAngular\AngularProjects\8octroomscheduler\roomscheduler\roomscheduler\dist\out-tsc\src\app\sidebar\sidebar-container.component.js.map
E:\LearningAngular\AngularProjects\8octroomscheduler\roomscheduler\roomscheduler\dist\out-tsc\src\app\sidebar\sidebar-collapsed.component.js
E:\LearningAngular\AngularProjects\8octroomscheduler\roomscheduler\roomscheduler\dist\out-tsc\src\app\sidebar\sidebar-collapsed.component.js.map
E:\LearningAngular\AngularProjects\8octroomscheduler\roomscheduler\roomscheduler\dist\out-tsc\src\app\sidebar\sidebar.module.js
E:\LearningAngular\AngularProjects\8octroomscheduler\roomscheduler\roomscheduler\dist\out-tsc\src\app\sidebar\sidebar.module.js.map
E:\LearningAngular\AngularProjects\8octroomscheduler\roomscheduler\roomscheduler\dist\out-tsc\src\app\scheduler\scheduler.module.js
E:\LearningAngular\AngularProjects\8octroomscheduler\roomscheduler\roomscheduler\dist\out-tsc\src\app\scheduler\scheduler.module.js.map
E:\LearningAngular\AngularProjects\8octroomscheduler\roomscheduler\roomscheduler\dist\out-tsc\src\app\_services\modal.service.js
E:\LearningAngular\AngularProjects\8octroomscheduler\roomscheduler\roomscheduler\dist\out-tsc\src\app\_services\modal.service.js.map
E:\LearningAngular\AngularProjects\8octroomscheduler\roomscheduler\roomscheduler\dist\out-tsc\src\app\_services\index.js
E:\LearningAngular\AngularProjects\8octroomscheduler\roomscheduler\roomscheduler\dist\out-tsc\src\app\_services\index.js.map
E:\LearningAngular\AngularProjects\8octroomscheduler\roomscheduler\roomscheduler\dist\out-tsc\src\app\home\home.component.js
E:\LearningAngular\AngularProjects\8octroomscheduler\roomscheduler\roomscheduler\dist\out-tsc\src\app\home\home.component.js.map
E:\LearningAngular\AngularProjects\8octroomscheduler\roomscheduler\roomscheduler\dist\out-tsc\src\app\home\index.js
E:\LearningAngular\AngularProjects\8octroomscheduler\roomscheduler\roomscheduler\dist\out-tsc\src\app\home\index.js.map
E:\LearningAngular\AngularProjects\8octroomscheduler\roomscheduler\roomscheduler\dist\out-tsc\src\app\test-page\test-page.component.js
E:\LearningAngular\AngularProjects\8octroomscheduler\roomscheduler\roomscheduler\dist\out-tsc\src\app\test-page\test-page.component.js.map
E:\LearningAngular\AngularProjects\8octroomscheduler\roomscheduler\roomscheduler\dist\out-tsc\src\app\test-page\index.js
E:\LearningAngular\AngularProjects\8octroomscheduler\roomscheduler\roomscheduler\dist\out-tsc\src\app\test-page\index.js.map
E:\LearningAngular\AngularProjects\8octroomscheduler\roomscheduler\roomscheduler\dist\out-tsc\src\app\app.routing.js
E:\LearningAngular\AngularProjects\8octroomscheduler\roomscheduler\roomscheduler\dist\out-tsc\src\app\app.routing.js.map
E:\LearningAngular\AngularProjects\8octroomscheduler\roomscheduler\roomscheduler\dist\out-tsc\src\app\_directives\modal.component.js
E:\LearningAngular\AngularProjects\8octroomscheduler\roomscheduler\roomscheduler\dist\out-tsc\src\app\_directives\modal.component.js.map
E:\LearningAngular\AngularProjects\8octroomscheduler\roomscheduler\roomscheduler\dist\out-tsc\src\app\_directives\index.js
E:\LearningAngular\AngularProjects\8octroomscheduler\roomscheduler\roomscheduler\dist\out-tsc\src\app\_directives\index.js.map
E:\LearningAngular\AngularProjects\8octroomscheduler\roomscheduler\roomscheduler\dist\out-tsc\src\app\app.module.js
E:\LearningAngular\AngularProjects\8octroomscheduler\roomscheduler\roomscheduler\dist\out-tsc\src\app\app.module.js.map
E:\LearningAngular\AngularProjects\8octroomscheduler\roomscheduler\roomscheduler\dist\out-tsc\src\environments\environment.js
E:\LearningAngular\AngularProjects\8octroomscheduler\roomscheduler\roomscheduler\dist\out-tsc\src\environments\environment.js.map
E:\LearningAngular\AngularProjects\8octroomscheduler\roomscheduler\roomscheduler\dist\out-tsc\src\main.js
E:\LearningAngular\AngularProjects\8octroomscheduler\roomscheduler\roomscheduler\dist\out-tsc\src\main.js.map
E:\LearningAngular\AngularProjects\8octroomscheduler\roomscheduler\roomscheduler\dist\out-tsc\src\polyfills.js
E:\LearningAngular\AngularProjects\8octroomscheduler\roomscheduler\roomscheduler\dist\out-tsc\src\polyfills.js.map
E:\LearningAngular\AngularProjects\8octroomscheduler\roomscheduler\roomscheduler\dist\out-tsc\src\test.js
E:\LearningAngular\AngularProjects\8octroomscheduler\roomscheduler\roomscheduler\dist\out-tsc\src\test.js.map
E:\LearningAngular\AngularProjects\8octroomscheduler\roomscheduler\roomscheduler\dist\out-tsc\src\environments\environment.prod.js
E:\LearningAngular\AngularProjects\8octroomscheduler\roomscheduler\roomscheduler\dist\out-tsc\src\environments\environment.prod.js.map
E:\LearningAngular\AngularProjects\8octroomscheduler\roomscheduler\roomscheduler\dist\out-tsc\src\app\app.component.spec.js
E:\LearningAngular\AngularProjects\8octroomscheduler\roomscheduler\roomscheduler\dist\out-tsc\src\app\app.component.spec.js.map
E:\LearningAngular\AngularProjects\8octroomscheduler\roomscheduler\roomscheduler\dist\out-tsc\e2e\app.po.js
E:\LearningAngular\AngularProjects\8octroomscheduler\roomscheduler\roomscheduler\dist\out-tsc\e2e\app.po.js.map
E:\LearningAngular\AngularProjects\8octroomscheduler\roomscheduler\roomscheduler\dist\out-tsc\e2e\app.e2e-spec.js
E:\LearningAngular\AngularProjects\8octroomscheduler\roomscheduler\roomscheduler\dist\out-tsc\e2e\app.e2e-spec.js.map
E:\LearningAngular\AngularProjects\8octroomscheduler\roomscheduler\roomscheduler\dist\out-tsc\src\app\app.component.js
E:\LearningAngular\AngularProjects\8octroomscheduler\roomscheduler\roomscheduler\dist\out-tsc\src\app\app.component.js.map
E:\LearningAngular\AngularProjects\8octroomscheduler\roomscheduler\roomscheduler\dist\out-tsc\src\app\scheduler\phases.model.js
E:\LearningAngular\AngularProjects\8octroomscheduler\roomscheduler\roomscheduler\dist\out-tsc\src\app\scheduler\phases.model.js.map
E:\LearningAngular\AngularProjects\8octroomscheduler\roomscheduler\roomscheduler\dist\out-tsc\src\app\scheduler\event.model.js
E:\LearningAngular\AngularProjects\8octroomscheduler\roomscheduler\roomscheduler\dist\out-tsc\src\app\scheduler\event.model.js.map
E:\LearningAngular\AngularProjects\8octroomscheduler\roomscheduler\roomscheduler\dist\out-tsc\src\app\scheduler\resource.model.js
E:\LearningAngular\AngularProjects\8octroomscheduler\roomscheduler\roomscheduler\dist\out-tsc\src\app\scheduler\resource.model.js.map
E:\LearningAngular\AngularProjects\8octroomscheduler\roomscheduler\roomscheduler\dist\out-tsc\src\app\scheduler\data.service.js
E:\LearningAngular\AngularProjects\8octroomscheduler\roomscheduler\roomscheduler\dist\out-tsc\src\app\scheduler\data.service.js.map
E:\LearningAngular\AngularProjects\8octroomscheduler\roomscheduler\roomscheduler\dist\out-tsc\src\app\scheduler\create.component.js
E:\LearningAngular\AngularProjects\8octroomscheduler\roomscheduler\roomscheduler\dist\out-tsc\src\app\scheduler\create.component.js.map
E:\LearningAngular\AngularProjects\8octroomscheduler\roomscheduler\roomscheduler\dist\out-tsc\src\app\scheduler\edit.component.js
E:\LearningAngular\AngularProjects\8octroomscheduler\roomscheduler\roomscheduler\dist\out-tsc\src\app\scheduler\edit.component.js.map
E:\LearningAngular\AngularProjects\8octroomscheduler\roomscheduler\roomscheduler\dist\out-tsc\src\app\scheduler\scheduler.component.js
E:\LearningAngular\AngularProjects\8octroomscheduler\roomscheduler\roomscheduler\dist\out-tsc\src\app\scheduler\scheduler.component.js.map
E:\LearningAngular\AngularProjects\8octroomscheduler\roomscheduler\roomscheduler\dist\out-tsc\src\app\sidebar\sidebar-main.component.js
E:\LearningAngular\AngularProjects\8octroomscheduler\roomscheduler\roomscheduler\dist\out-tsc\src\app\sidebar\sidebar-main.component.js.map
E:\LearningAngular\AngularProjects\8octroomscheduler\roomscheduler\roomscheduler\dist\out-tsc\src\app\sidebar\sidebar-expanded.component.js
E:\LearningAngular\AngularProjects\8octroomscheduler\roomscheduler\roomscheduler\dist\out-tsc\src\app\sidebar\sidebar-expanded.component.js.map
E:\LearningAngular\AngularProjects\8octroomscheduler\roomscheduler\roomscheduler\dist\out-tsc\src\app\sidebar\sidebar-container.component.js
E:\LearningAngular\AngularProjects\8octroomscheduler\roomscheduler\roomscheduler\dist\out-tsc\src\app\sidebar\sidebar-container.component.js.map
E:\LearningAngular\AngularProjects\8octroomscheduler\roomscheduler\roomscheduler\dist\out-tsc\src\app\sidebar\sidebar-collapsed.component.js
E:\LearningAngular\AngularProjects\8octroomscheduler\roomscheduler\roomscheduler\dist\out-tsc\src\app\sidebar\sidebar-collapsed.component.js.map
E:\LearningAngular\AngularProjects\8octroomscheduler\roomscheduler\roomscheduler\dist\out-tsc\src\app\sidebar\sidebar.module.js
E:\LearningAngular\AngularProjects\8octroomscheduler\roomscheduler\roomscheduler\dist\out-tsc\src\app\sidebar\sidebar.module.js.map
E:\LearningAngular\AngularProjects\8octroomscheduler\roomscheduler\roomscheduler\dist\out-tsc\src\app\scheduler\scheduler.module.js
E:\LearningAngular\AngularProjects\8octroomscheduler\roomscheduler\roomscheduler\dist\out-tsc\src\app\scheduler\scheduler.module.js.map
E:\LearningAngular\AngularProjects\8octroomscheduler\roomscheduler\roomscheduler\dist\out-tsc\src\app\_services\modal.service.js
E:\LearningAngular\AngularProjects\8octroomscheduler\roomscheduler\roomscheduler\dist\out-tsc\src\app\_services\modal.service.js.map
E:\LearningAngular\AngularProjects\8octroomscheduler\roomscheduler\roomscheduler\dist\out-tsc\src\app\_services\index.js
E:\LearningAngular\AngularProjects\8octroomscheduler\roomscheduler\roomscheduler\dist\out-tsc\src\app\_services\index.js.map
E:\LearningAngular\AngularProjects\8octroomscheduler\roomscheduler\roomscheduler\dist\out-tsc\src\app\home\home.component.js
E:\LearningAngular\AngularProjects\8octroomscheduler\roomscheduler\roomscheduler\dist\out-tsc\src\app\home\home.component.js.map
E:\LearningAngular\AngularProjects\8octroomscheduler\roomscheduler\roomscheduler\dist\out-tsc\src\app\home\index.js
E:\LearningAngular\AngularProjects\8octroomscheduler\roomscheduler\roomscheduler\dist\out-tsc\src\app\home\index.js.map
E:\LearningAngular\AngularProjects\8octroomscheduler\roomscheduler\roomscheduler\dist\out-tsc\src\app\test-page\test-page.component.js
E:\LearningAngular\AngularProjects\8octroomscheduler\roomscheduler\roomscheduler\dist\out-tsc\src\app\test-page\test-page.component.js.map
E:\LearningAngular\AngularProjects\8octroomscheduler\roomscheduler\roomscheduler\dist\out-tsc\src\app\test-page\index.js
E:\LearningAngular\AngularProjects\8octroomscheduler\roomscheduler\roomscheduler\dist\out-tsc\src\app\test-page\index.js.map
E:\LearningAngular\AngularProjects\8octroomscheduler\roomscheduler\roomscheduler\dist\out-tsc\src\app\app.routing.js
E:\LearningAngular\AngularProjects\8octroomscheduler\roomscheduler\roomscheduler\dist\out-tsc\src\app\app.routing.js.map
E:\LearningAngular\AngularProjects\8octroomscheduler\roomscheduler\roomscheduler\dist\out-tsc\src\app\_directives\modal.component.js
E:\LearningAngular\AngularProjects\8octroomscheduler\roomscheduler\roomscheduler\dist\out-tsc\src\app\_directives\modal.component.js.map
E:\LearningAngular\AngularProjects\8octroomscheduler\roomscheduler\roomscheduler\dist\out-tsc\src\app\_directives\index.js
E:\LearningAngular\AngularProjects\8octroomscheduler\roomscheduler\roomscheduler\dist\out-tsc\src\app\_directives\index.js.map
E:\LearningAngular\AngularProjects\8octroomscheduler\roomscheduler\roomscheduler\dist\out-tsc\src\app\app.module.js
E:\LearningAngular\AngularProjects\8octroomscheduler\roomscheduler\roomscheduler\dist\out-tsc\src\app\app.module.js.map
E:\LearningAngular\AngularProjects\8octroomscheduler\roomscheduler\roomscheduler\dist\out-tsc\src\environments\environment.js
E:\LearningAngular\AngularProjects\8octroomscheduler\roomscheduler\roomscheduler\dist\out-tsc\src\environments\environment.js.map
E:\LearningAngular\AngularProjects\8octroomscheduler\roomscheduler\roomscheduler\dist\out-tsc\src\main.js
E:\LearningAngular\AngularProjects\8octroomscheduler\roomscheduler\roomscheduler\dist\out-tsc\src\main.js.map
E:\LearningAngular\AngularProjects\8octroomscheduler\roomscheduler\roomscheduler\dist\out-tsc\src\polyfills.js
E:\LearningAngular\AngularProjects\8octroomscheduler\roomscheduler\roomscheduler\dist\out-tsc\src\polyfills.js.map
E:\LearningAngular\AngularProjects\8octroomscheduler\roomscheduler\roomscheduler\dist\out-tsc\src\test.js
E:\LearningAngular\AngularProjects\8octroomscheduler\roomscheduler\roomscheduler\dist\out-tsc\src\test.js.map
E:\LearningAngular\AngularProjects\8octroomscheduler\roomscheduler\roomscheduler\dist\out-tsc\src\environments\environment.prod.js
E:\LearningAngular\AngularProjects\8octroomscheduler\roomscheduler\roomscheduler\dist\out-tsc\src\environments\environment.prod.js.map
E:\LearningAngular\AngularProjects\8octroomscheduler\roomscheduler\roomscheduler\dist\out-tsc\src\app\app.component.spec.js
E:\LearningAngular\AngularProjects\8octroomscheduler\roomscheduler\roomscheduler\dist\out-tsc\src\app\app.component.spec.js.map
E:\LearningAngular\AngularProjects\8octroomscheduler\roomscheduler\roomscheduler\dist\out-tsc\e2e\app.po.js
E:\LearningAngular\AngularProjects\8octroomscheduler\roomscheduler\roomscheduler\dist\out-tsc\e2e\app.po.js.map
E:\LearningAngular\AngularProjects\8octroomscheduler\roomscheduler\roomscheduler\dist\out-tsc\e2e\app.e2e-spec.js
E:\LearningAngular\AngularProjects\8octroomscheduler\roomscheduler\roomscheduler\dist\out-tsc\e2e\app.e2e-spec.js.map
C:\Users\arpit\Source\ARPNEW\roomscheduler\roomscheduler\roomscheduler\dist\out-tsc\src\app\app.component.js
C:\Users\arpit\Source\ARPNEW\roomscheduler\roomscheduler\roomscheduler\dist\out-tsc\src\app\app.component.js.map
C:\Users\arpit\Source\ARPNEW\roomscheduler\roomscheduler\roomscheduler\dist\out-tsc\src\app\scheduler\phases.model.js
C:\Users\arpit\Source\ARPNEW\roomscheduler\roomscheduler\roomscheduler\dist\out-tsc\src\app\scheduler\phases.model.js.map
C:\Users\arpit\Source\ARPNEW\roomscheduler\roomscheduler\roomscheduler\dist\out-tsc\src\app\scheduler\event.model.js
C:\Users\arpit\Source\ARPNEW\roomscheduler\roomscheduler\roomscheduler\dist\out-tsc\src\app\scheduler\event.model.js.map
C:\Users\arpit\Source\ARPNEW\roomscheduler\roomscheduler\roomscheduler\dist\out-tsc\src\app\scheduler\resource.model.js
C:\Users\arpit\Source\ARPNEW\roomscheduler\roomscheduler\roomscheduler\dist\out-tsc\src\app\scheduler\resource.model.js.map
C:\Users\arpit\Source\ARPNEW\roomscheduler\roomscheduler\roomscheduler\dist\out-tsc\src\app\scheduler\data.service.js
C:\Users\arpit\Source\ARPNEW\roomscheduler\roomscheduler\roomscheduler\dist\out-tsc\src\app\scheduler\data.service.js.map
C:\Users\arpit\Source\ARPNEW\roomscheduler\roomscheduler\roomscheduler\dist\out-tsc\src\app\scheduler\create.component.js
C:\Users\arpit\Source\ARPNEW\roomscheduler\roomscheduler\roomscheduler\dist\out-tsc\src\app\scheduler\create.component.js.map
C:\Users\arpit\Source\ARPNEW\roomscheduler\roomscheduler\roomscheduler\dist\out-tsc\src\app\scheduler\edit.component.js
C:\Users\arpit\Source\ARPNEW\roomscheduler\roomscheduler\roomscheduler\dist\out-tsc\src\app\scheduler\edit.component.js.map
C:\Users\arpit\Source\ARPNEW\roomscheduler\roomscheduler\roomscheduler\dist\out-tsc\src\app\_services\modal.service.js
C:\Users\arpit\Source\ARPNEW\roomscheduler\roomscheduler\roomscheduler\dist\out-tsc\src\app\_services\modal.service.js.map
C:\Users\arpit\Source\ARPNEW\roomscheduler\roomscheduler\roomscheduler\dist\out-tsc\src\app\_services\index.js
C:\Users\arpit\Source\ARPNEW\roomscheduler\roomscheduler\roomscheduler\dist\out-tsc\src\app\_services\index.js.map
C:\Users\arpit\Source\ARPNEW\roomscheduler\roomscheduler\roomscheduler\dist\out-tsc\src\app\scheduler\scheduler.component.js
C:\Users\arpit\Source\ARPNEW\roomscheduler\roomscheduler\roomscheduler\dist\out-tsc\src\app\scheduler\scheduler.component.js.map
C:\Users\arpit\Source\ARPNEW\roomscheduler\roomscheduler\roomscheduler\dist\out-tsc\src\app\sidebar\sidebar-main.component.js
C:\Users\arpit\Source\ARPNEW\roomscheduler\roomscheduler\roomscheduler\dist\out-tsc\src\app\sidebar\sidebar-main.component.js.map
C:\Users\arpit\Source\ARPNEW\roomscheduler\roomscheduler\roomscheduler\dist\out-tsc\src\app\sidebar\sidebar-expanded.component.js
C:\Users\arpit\Source\ARPNEW\roomscheduler\roomscheduler\roomscheduler\dist\out-tsc\src\app\sidebar\sidebar-expanded.component.js.map
C:\Users\arpit\Source\ARPNEW\roomscheduler\roomscheduler\roomscheduler\dist\out-tsc\src\app\sidebar\sidebar-container.component.js
C:\Users\arpit\Source\ARPNEW\roomscheduler\roomscheduler\roomscheduler\dist\out-tsc\src\app\sidebar\sidebar-container.component.js.map
C:\Users\arpit\Source\ARPNEW\roomscheduler\roomscheduler\roomscheduler\dist\out-tsc\src\app\sidebar\sidebar-collapsed.component.js
C:\Users\arpit\Source\ARPNEW\roomscheduler\roomscheduler\roomscheduler\dist\out-tsc\src\app\sidebar\sidebar-collapsed.component.js.map
C:\Users\arpit\Source\ARPNEW\roomscheduler\roomscheduler\roomscheduler\dist\out-tsc\src\app\sidebar\sidebar.module.js
C:\Users\arpit\Source\ARPNEW\roomscheduler\roomscheduler\roomscheduler\dist\out-tsc\src\app\sidebar\sidebar.module.js.map
C:\Users\arpit\Source\ARPNEW\roomscheduler\roomscheduler\roomscheduler\dist\out-tsc\src\app\_directives\modal.component.js
C:\Users\arpit\Source\ARPNEW\roomscheduler\roomscheduler\roomscheduler\dist\out-tsc\src\app\_directives\modal.component.js.map
C:\Users\arpit\Source\ARPNEW\roomscheduler\roomscheduler\roomscheduler\dist\out-tsc\src\app\_directives\index.js
C:\Users\arpit\Source\ARPNEW\roomscheduler\roomscheduler\roomscheduler\dist\out-tsc\src\app\_directives\index.js.map
C:\Users\arpit\Source\ARPNEW\roomscheduler\roomscheduler\roomscheduler\dist\out-tsc\src\app\scheduler\scheduler.module.js
C:\Users\arpit\Source\ARPNEW\roomscheduler\roomscheduler\roomscheduler\dist\out-tsc\src\app\scheduler\scheduler.module.js.map
C:\Users\arpit\Source\ARPNEW\roomscheduler\roomscheduler\roomscheduler\dist\out-tsc\src\app\home\home.component.js
C:\Users\arpit\Source\ARPNEW\roomscheduler\roomscheduler\roomscheduler\dist\out-tsc\src\app\home\home.component.js.map
C:\Users\arpit\Source\ARPNEW\roomscheduler\roomscheduler\roomscheduler\dist\out-tsc\src\app\home\index.js
C:\Users\arpit\Source\ARPNEW\roomscheduler\roomscheduler\roomscheduler\dist\out-tsc\src\app\home\index.js.map
C:\Users\arpit\Source\ARPNEW\roomscheduler\roomscheduler\roomscheduler\dist\out-tsc\src\app\test-page\test-page.component.js
C:\Users\arpit\Source\ARPNEW\roomscheduler\roomscheduler\roomscheduler\dist\out-tsc\src\app\test-page\test-page.component.js.map
C:\Users\arpit\Source\ARPNEW\roomscheduler\roomscheduler\roomscheduler\dist\out-tsc\src\app\test-page\index.js
C:\Users\arpit\Source\ARPNEW\roomscheduler\roomscheduler\roomscheduler\dist\out-tsc\src\app\test-page\index.js.map
C:\Users\arpit\Source\ARPNEW\roomscheduler\roomscheduler\roomscheduler\dist\out-tsc\src\app\app.routing.js
C:\Users\arpit\Source\ARPNEW\roomscheduler\roomscheduler\roomscheduler\dist\out-tsc\src\app\app.routing.js.map
C:\Users\arpit\Source\ARPNEW\roomscheduler\roomscheduler\roomscheduler\dist\out-tsc\src\app\app.module.js
C:\Users\arpit\Source\ARPNEW\roomscheduler\roomscheduler\roomscheduler\dist\out-tsc\src\app\app.module.js.map
C:\Users\arpit\Source\ARPNEW\roomscheduler\roomscheduler\roomscheduler\dist\out-tsc\src\environments\environment.js
C:\Users\arpit\Source\ARPNEW\roomscheduler\roomscheduler\roomscheduler\dist\out-tsc\src\environments\environment.js.map
C:\Users\arpit\Source\ARPNEW\roomscheduler\roomscheduler\roomscheduler\dist\out-tsc\src\main.js
C:\Users\arpit\Source\ARPNEW\roomscheduler\roomscheduler\roomscheduler\dist\out-tsc\src\main.js.map
C:\Users\arpit\Source\ARPNEW\roomscheduler\roomscheduler\roomscheduler\dist\out-tsc\src\polyfills.js
C:\Users\arpit\Source\ARPNEW\roomscheduler\roomscheduler\roomscheduler\dist\out-tsc\src\polyfills.js.map
C:\Users\arpit\Source\ARPNEW\roomscheduler\roomscheduler\roomscheduler\dist\out-tsc\src\test.js
C:\Users\arpit\Source\ARPNEW\roomscheduler\roomscheduler\roomscheduler\dist\out-tsc\src\test.js.map
C:\Users\arpit\Source\ARPNEW\roomscheduler\roomscheduler\roomscheduler\dist\out-tsc\src\environments\environment.prod.js
C:\Users\arpit\Source\ARPNEW\roomscheduler\roomscheduler\roomscheduler\dist\out-tsc\src\environments\environment.prod.js.map
C:\Users\arpit\Source\ARPNEW\roomscheduler\roomscheduler\roomscheduler\dist\out-tsc\src\app\app.component.spec.js
C:\Users\arpit\Source\ARPNEW\roomscheduler\roomscheduler\roomscheduler\dist\out-tsc\src\app\app.component.spec.js.map
C:\Users\arpit\Source\ARPNEW\roomscheduler\roomscheduler\roomscheduler\dist\out-tsc\e2e\app.po.js
C:\Users\arpit\Source\ARPNEW\roomscheduler\roomscheduler\roomscheduler\dist\out-tsc\e2e\app.po.js.map
C:\Users\arpit\Source\ARPNEW\roomscheduler\roomscheduler\roomscheduler\dist\out-tsc\e2e\app.e2e-spec.js
C:\Users\arpit\Source\ARPNEW\roomscheduler\roomscheduler\roomscheduler\dist\out-tsc\e2e\app.e2e-spec.js.map
C:\Users\arpit\Source\ARPNEW\roomscheduler\roomscheduler\roomscheduler\dist\out-tsc\src\app\app.component.js
C:\Users\arpit\Source\ARPNEW\roomscheduler\roomscheduler\roomscheduler\dist\out-tsc\src\app\app.component.js.map
C:\Users\arpit\Source\ARPNEW\roomscheduler\roomscheduler\roomscheduler\dist\out-tsc\src\app\scheduler\phases.model.js
C:\Users\arpit\Source\ARPNEW\roomscheduler\roomscheduler\roomscheduler\dist\out-tsc\src\app\scheduler\phases.model.js.map
C:\Users\arpit\Source\ARPNEW\roomscheduler\roomscheduler\roomscheduler\dist\out-tsc\src\app\scheduler\event.model.js
C:\Users\arpit\Source\ARPNEW\roomscheduler\roomscheduler\roomscheduler\dist\out-tsc\src\app\scheduler\event.model.js.map
C:\Users\arpit\Source\ARPNEW\roomscheduler\roomscheduler\roomscheduler\dist\out-tsc\src\app\scheduler\resource.model.js
C:\Users\arpit\Source\ARPNEW\roomscheduler\roomscheduler\roomscheduler\dist\out-tsc\src\app\scheduler\resource.model.js.map
C:\Users\arpit\Source\ARPNEW\roomscheduler\roomscheduler\roomscheduler\dist\out-tsc\src\app\scheduler\data.service.js
C:\Users\arpit\Source\ARPNEW\roomscheduler\roomscheduler\roomscheduler\dist\out-tsc\src\app\scheduler\data.service.js.map
C:\Users\arpit\Source\ARPNEW\roomscheduler\roomscheduler\roomscheduler\dist\out-tsc\src\app\scheduler\create.component.js
C:\Users\arpit\Source\ARPNEW\roomscheduler\roomscheduler\roomscheduler\dist\out-tsc\src\app\scheduler\create.component.js.map
C:\Users\arpit\Source\ARPNEW\roomscheduler\roomscheduler\roomscheduler\dist\out-tsc\src\app\scheduler\edit.component.js
C:\Users\arpit\Source\ARPNEW\roomscheduler\roomscheduler\roomscheduler\dist\out-tsc\src\app\scheduler\edit.component.js.map
C:\Users\arpit\Source\ARPNEW\roomscheduler\roomscheduler\roomscheduler\dist\out-tsc\src\app\_services\modal.service.js
C:\Users\arpit\Source\ARPNEW\roomscheduler\roomscheduler\roomscheduler\dist\out-tsc\src\app\_services\modal.service.js.map
C:\Users\arpit\Source\ARPNEW\roomscheduler\roomscheduler\roomscheduler\dist\out-tsc\src\app\_services\index.js
C:\Users\arpit\Source\ARPNEW\roomscheduler\roomscheduler\roomscheduler\dist\out-tsc\src\app\_services\index.js.map
C:\Users\arpit\Source\ARPNEW\roomscheduler\roomscheduler\roomscheduler\dist\out-tsc\src\app\scheduler\scheduler.component.js
C:\Users\arpit\Source\ARPNEW\roomscheduler\roomscheduler\roomscheduler\dist\out-tsc\src\app\scheduler\scheduler.component.js.map
C:\Users\arpit\Source\ARPNEW\roomscheduler\roomscheduler\roomscheduler\dist\out-tsc\src\app\sidebar\sidebar-main.component.js
C:\Users\arpit\Source\ARPNEW\roomscheduler\roomscheduler\roomscheduler\dist\out-tsc\src\app\sidebar\sidebar-main.component.js.map
C:\Users\arpit\Source\ARPNEW\roomscheduler\roomscheduler\roomscheduler\dist\out-tsc\src\app\sidebar\sidebar-expanded.component.js
C:\Users\arpit\Source\ARPNEW\roomscheduler\roomscheduler\roomscheduler\dist\out-tsc\src\app\sidebar\sidebar-expanded.component.js.map
C:\Users\arpit\Source\ARPNEW\roomscheduler\roomscheduler\roomscheduler\dist\out-tsc\src\app\sidebar\sidebar-container.component.js
C:\Users\arpit\Source\ARPNEW\roomscheduler\roomscheduler\roomscheduler\dist\out-tsc\src\app\sidebar\sidebar-container.component.js.map
C:\Users\arpit\Source\ARPNEW\roomscheduler\roomscheduler\roomscheduler\dist\out-tsc\src\app\sidebar\sidebar-collapsed.component.js
C:\Users\arpit\Source\ARPNEW\roomscheduler\roomscheduler\roomscheduler\dist\out-tsc\src\app\sidebar\sidebar-collapsed.component.js.map
C:\Users\arpit\Source\ARPNEW\roomscheduler\roomscheduler\roomscheduler\dist\out-tsc\src\app\sidebar\sidebar.module.js
C:\Users\arpit\Source\ARPNEW\roomscheduler\roomscheduler\roomscheduler\dist\out-tsc\src\app\sidebar\sidebar.module.js.map
C:\Users\arpit\Source\ARPNEW\roomscheduler\roomscheduler\roomscheduler\dist\out-tsc\src\app\_directives\modal.component.js
C:\Users\arpit\Source\ARPNEW\roomscheduler\roomscheduler\roomscheduler\dist\out-tsc\src\app\_directives\modal.component.js.map
C:\Users\arpit\Source\ARPNEW\roomscheduler\roomscheduler\roomscheduler\dist\out-tsc\src\app\_directives\index.js
C:\Users\arpit\Source\ARPNEW\roomscheduler\roomscheduler\roomscheduler\dist\out-tsc\src\app\_directives\index.js.map
C:\Users\arpit\Source\ARPNEW\roomscheduler\roomscheduler\roomscheduler\dist\out-tsc\src\app\scheduler\scheduler.module.js
C:\Users\arpit\Source\ARPNEW\roomscheduler\roomscheduler\roomscheduler\dist\out-tsc\src\app\scheduler\scheduler.module.js.map
C:\Users\arpit\Source\ARPNEW\roomscheduler\roomscheduler\roomscheduler\dist\out-tsc\src\app\home\home.component.js
C:\Users\arpit\Source\ARPNEW\roomscheduler\roomscheduler\roomscheduler\dist\out-tsc\src\app\home\home.component.js.map
C:\Users\arpit\Source\ARPNEW\roomscheduler\roomscheduler\roomscheduler\dist\out-tsc\src\app\home\index.js
C:\Users\arpit\Source\ARPNEW\roomscheduler\roomscheduler\roomscheduler\dist\out-tsc\src\app\home\index.js.map
C:\Users\arpit\Source\ARPNEW\roomscheduler\roomscheduler\roomscheduler\dist\out-tsc\src\app\test-page\test-page.component.js
C:\Users\arpit\Source\ARPNEW\roomscheduler\roomscheduler\roomscheduler\dist\out-tsc\src\app\test-page\test-page.component.js.map
C:\Users\arpit\Source\ARPNEW\roomscheduler\roomscheduler\roomscheduler\dist\out-tsc\src\app\test-page\index.js
C:\Users\arpit\Source\ARPNEW\roomscheduler\roomscheduler\roomscheduler\dist\out-tsc\src\app\test-page\index.js.map
C:\Users\arpit\Source\ARPNEW\roomscheduler\roomscheduler\roomscheduler\dist\out-tsc\src\app\app.routing.js
C:\Users\arpit\Source\ARPNEW\roomscheduler\roomscheduler\roomscheduler\dist\out-tsc\src\app\app.routing.js.map
C:\Users\arpit\Source\ARPNEW\roomscheduler\roomscheduler\roomscheduler\dist\out-tsc\src\app\app.module.js
C:\Users\arpit\Source\ARPNEW\roomscheduler\roomscheduler\roomscheduler\dist\out-tsc\src\app\app.module.js.map
C:\Users\arpit\Source\ARPNEW\roomscheduler\roomscheduler\roomscheduler\dist\out-tsc\src\environments\environment.js
C:\Users\arpit\Source\ARPNEW\roomscheduler\roomscheduler\roomscheduler\dist\out-tsc\src\environments\environment.js.map
C:\Users\arpit\Source\ARPNEW\roomscheduler\roomscheduler\roomscheduler\dist\out-tsc\src\main.js
C:\Users\arpit\Source\ARPNEW\roomscheduler\roomscheduler\roomscheduler\dist\out-tsc\src\main.js.map
C:\Users\arpit\Source\ARPNEW\roomscheduler\roomscheduler\roomscheduler\dist\out-tsc\src\polyfills.js
C:\Users\arpit\Source\ARPNEW\roomscheduler\roomscheduler\roomscheduler\dist\out-tsc\src\polyfills.js.map
C:\Users\arpit\Source\ARPNEW\roomscheduler\roomscheduler\roomscheduler\dist\out-tsc\src\test.js
C:\Users\arpit\Source\ARPNEW\roomscheduler\roomscheduler\roomscheduler\dist\out-tsc\src\test.js.map
C:\Users\arpit\Source\ARPNEW\roomscheduler\roomscheduler\roomscheduler\dist\out-tsc\src\environments\environment.prod.js
C:\Users\arpit\Source\ARPNEW\roomscheduler\roomscheduler\roomscheduler\dist\out-tsc\src\environments\environment.prod.js.map
C:\Users\arpit\Source\ARPNEW\roomscheduler\roomscheduler\roomscheduler\dist\out-tsc\src\app\app.component.spec.js
C:\Users\arpit\Source\ARPNEW\roomscheduler\roomscheduler\roomscheduler\dist\out-tsc\src\app\app.component.spec.js.map
C:\Users\arpit\Source\ARPNEW\roomscheduler\roomscheduler\roomscheduler\dist\out-tsc\e2e\app.po.js
C:\Users\arpit\Source\ARPNEW\roomscheduler\roomscheduler\roomscheduler\dist\out-tsc\e2e\app.po.js.map
C:\Users\arpit\Source\ARPNEW\roomscheduler\roomscheduler\roomscheduler\dist\out-tsc\e2e\app.e2e-spec.js
C:\Users\arpit\Source\ARPNEW\roomscheduler\roomscheduler\roomscheduler\dist\out-tsc\e2e\app.e2e-spec.js.map
